<?xml version="1.0" encoding="UTF-8"?>
<testng-results skipped="0" failed="0" total="6" passed="6">
    <reporter-output>
    </reporter-output>
    <suite name="Simple test" duration-ms="22972" started-at="2015-02-11T15:40:56Z" finished-at="2015-02-11T15:41:19Z">
        <groups>
        </groups>
        <test name="ChromeTest" duration-ms="11551" started-at="2015-02-11T15:40:56Z"
              finished-at="2015-02-11T15:41:08Z">
            <class name="Runner.FirstTest">
                <test-method status="PASS"
                             signature="start(org.testng.ITestContext)[pri:0, instance:Runner.FirstTest@6b71769e]"
                             name="start" is-config="true" duration-ms="2116" started-at="2015-02-11T17:40:56Z"
                             finished-at="2015-02-11T17:40:58Z">
                    <params>
                        <param index="0">
                            <value>
                                <![CDATA[org.testng.TestRunner@4a07d605]]>
                            </value>
                        </param>
                    </params>
                    <reporter-output>
                    </reporter-output>
                </test-method>
                <!-- start -->
                <test-method status="PASS" signature="first()[pri:0, instance:Runner.FirstTest@6b71769e]" name="first"
                             duration-ms="101" started-at="2015-02-11T17:40:58Z" finished-at="2015-02-11T17:40:59Z">
                    <reporter-output>
                    </reporter-output>
                </test-method>
                <!-- first -->
                <test-method status="PASS" signature="close()[pri:0, instance:Runner.FirstTest@6b71769e]" name="close"
                             is-config="true" duration-ms="556" started-at="2015-02-11T17:40:59Z"
                             finished-at="2015-02-11T17:40:59Z">
                    <reporter-output>
                    </reporter-output>
                </test-method>
                <!-- close -->
                <test-method status="PASS"
                             signature="start(org.testng.ITestContext)[pri:0, instance:Runner.FirstTest@6b71769e]"
                             name="start" is-config="true" duration-ms="2369" started-at="2015-02-11T17:40:59Z"
                             finished-at="2015-02-11T17:41:01Z">
                    <params>
                        <param index="0">
                            <value>
                                <![CDATA[org.testng.TestRunner@4a07d605]]>
                            </value>
                        </param>
                    </params>
                    <reporter-output>
                    </reporter-output>
                </test-method>
                <!-- start -->
                <test-method status="PASS" signature="second()[pri:0, instance:Runner.FirstTest@6b71769e]" name="second"
                             duration-ms="3240" started-at="2015-02-11T17:41:01Z" finished-at="2015-02-11T17:41:05Z">
                    <reporter-output>
                    </reporter-output>
                </test-method>
                <!-- second -->
                <test-method status="PASS" signature="close()[pri:0, instance:Runner.FirstTest@6b71769e]" name="close"
                             is-config="true" duration-ms="556" started-at="2015-02-11T17:41:05Z"
                             finished-at="2015-02-11T17:41:05Z">
                    <reporter-output>
                    </reporter-output>
                </test-method>
                <!-- close -->
                <test-method status="PASS"
                             signature="start(org.testng.ITestContext)[pri:0, instance:Runner.FirstTest@6b71769e]"
                             name="start" is-config="true" duration-ms="2045" started-at="2015-02-11T17:41:05Z"
                             finished-at="2015-02-11T17:41:07Z">
                    <params>
                        <param index="0">
                            <value>
                                <![CDATA[org.testng.TestRunner@4a07d605]]>
                            </value>
                        </param>
                    </params>
                    <reporter-output>
                    </reporter-output>
                </test-method>
                <!-- start -->
                <test-method status="PASS" signature="third()[pri:0, instance:Runner.FirstTest@6b71769e]" name="third"
                             duration-ms="1" started-at="2015-02-11T17:41:07Z" finished-at="2015-02-11T17:41:07Z">
                    <reporter-output>
                    </reporter-output>
                </test-method>
                <!-- third -->
                <test-method status="PASS" signature="close()[pri:0, instance:Runner.FirstTest@6b71769e]" name="close"
                             is-config="true" duration-ms="557" started-at="2015-02-11T17:41:07Z"
                             finished-at="2015-02-11T17:41:08Z">
                    <reporter-output>
                    </reporter-output>
                </test-method>
                <!-- close -->
            </class>
            <!-- Runner.FirstTest -->
        </test>
        <!-- ChromeTest -->
        <test name="FirefoxTest" duration-ms="11406" started-at="2015-02-11T15:41:08Z"
              finished-at="2015-02-11T15:41:19Z">
            <class name="Runner.FirstTest">
                <test-method status="PASS"
                             signature="start(org.testng.ITestContext)[pri:0, instance:Runner.FirstTest@2812cbfa]"
                             name="start" is-config="true" duration-ms="2811" started-at="2015-02-11T17:41:08Z"
                             finished-at="2015-02-11T17:41:11Z">
                    <params>
                        <param index="0">
                            <value>
                                <![CDATA[org.testng.TestRunner@74287ea3]]>
                            </value>
                        </param>
                    </params>
                    <reporter-output>
                    </reporter-output>
                </test-method>
                <!-- start -->
                <test-method status="PASS" signature="first()[pri:0, instance:Runner.FirstTest@2812cbfa]" name="first"
                             duration-ms="225" started-at="2015-02-11T17:41:11Z" finished-at="2015-02-11T17:41:11Z">
                    <reporter-output>
                    </reporter-output>
                </test-method>
                <!-- first -->
                <test-method status="PASS" signature="close()[pri:0, instance:Runner.FirstTest@2812cbfa]" name="close"
                             is-config="true" duration-ms="80" started-at="2015-02-11T17:41:11Z"
                             finished-at="2015-02-11T17:41:11Z">
                    <reporter-output>
                    </reporter-output>
                </test-method>
                <!-- close -->
                <test-method status="PASS"
                             signature="start(org.testng.ITestContext)[pri:0, instance:Runner.FirstTest@2812cbfa]"
                             name="start" is-config="true" duration-ms="2664" started-at="2015-02-11T17:41:11Z"
                             finished-at="2015-02-11T17:41:14Z">
                    <params>
                        <param index="0">
                            <value>
                                <![CDATA[org.testng.TestRunner@74287ea3]]>
                            </value>
                        </param>
                    </params>
                    <reporter-output>
                    </reporter-output>
                </test-method>
                <!-- start -->
                <test-method status="PASS" signature="second()[pri:0, instance:Runner.FirstTest@2812cbfa]" name="second"
                             duration-ms="3029" started-at="2015-02-11T17:41:14Z" finished-at="2015-02-11T17:41:17Z">
                    <reporter-output>
                    </reporter-output>
                </test-method>
                <!-- second -->
                <test-method status="PASS" signature="close()[pri:0, instance:Runner.FirstTest@2812cbfa]" name="close"
                             is-config="true" duration-ms="65" started-at="2015-02-11T17:41:17Z"
                             finished-at="2015-02-11T17:41:17Z">
                    <reporter-output>
                    </reporter-output>
                </test-method>
                <!-- close -->
                <test-method status="PASS"
                             signature="start(org.testng.ITestContext)[pri:0, instance:Runner.FirstTest@2812cbfa]"
                             name="start" is-config="true" duration-ms="2466" started-at="2015-02-11T17:41:17Z"
                             finished-at="2015-02-11T17:41:19Z">
                    <params>
                        <param index="0">
                            <value>
                                <![CDATA[org.testng.TestRunner@74287ea3]]>
                            </value>
                        </param>
                    </params>
                    <reporter-output>
                    </reporter-output>
                </test-method>
                <!-- start -->
                <test-method status="PASS" signature="third()[pri:0, instance:Runner.FirstTest@2812cbfa]" name="third"
                             duration-ms="1" started-at="2015-02-11T17:41:19Z" finished-at="2015-02-11T17:41:19Z">
                    <reporter-output>
                    </reporter-output>
                </test-method>
                <!-- third -->
                <test-method status="PASS" signature="close()[pri:0, instance:Runner.FirstTest@2812cbfa]" name="close"
                             is-config="true" duration-ms="64" started-at="2015-02-11T17:41:19Z"
                             finished-at="2015-02-11T17:41:19Z">
                    <reporter-output>
                    </reporter-output>
                </test-method>
                <!-- close -->
            </class>
            <!-- Runner.FirstTest -->
        </test>
        <!-- FirefoxTest -->
    </suite>
    <!-- Simple test -->
</testng-results>
