<?xml version="1.0" encoding="UTF-8"?>
<testng-results skipped="0" failed="0" total="6" passed="6">
  <reporter-output>
  </reporter-output>
  <suite name="Simple test" duration-ms="24194" started-at="2015-02-11T15:15:04Z" finished-at="2015-02-11T15:15:28Z">
    <groups>
    </groups>
    <test name="ChromeTest" duration-ms="12107" started-at="2015-02-11T15:15:04Z" finished-at="2015-02-11T15:15:16Z">
      <class name="Tests.FirstTest">
        <test-method status="PASS" signature="start(org.testng.ITestContext)[pri:0, instance:Tests.FirstTest@6b71769e]" name="start" is-config="true" duration-ms="3193" started-at="2015-02-11T17:15:04Z" finished-at="2015-02-11T17:15:07Z">
          <params>
            <param index="0">
              <value>
                <![CDATA[org.testng.TestRunner@61710c6]]>
              </value>
            </param>
          </params>
          <reporter-output>
          </reporter-output>
        </test-method> <!-- start -->
        <test-method status="PASS" signature="first()[pri:0, instance:Tests.FirstTest@6b71769e]" name="first" duration-ms="157" started-at="2015-02-11T17:15:07Z" finished-at="2015-02-11T17:15:07Z">
          <reporter-output>
          </reporter-output>
        </test-method> <!-- first -->
        <test-method status="PASS" signature="close()[pri:0, instance:Tests.FirstTest@6b71769e]" name="close" is-config="true" duration-ms="558" started-at="2015-02-11T17:15:07Z" finished-at="2015-02-11T17:15:08Z">
          <reporter-output>
          </reporter-output>
        </test-method> <!-- close -->
        <test-method status="PASS" signature="start(org.testng.ITestContext)[pri:0, instance:Tests.FirstTest@6b71769e]" name="start" is-config="true" duration-ms="2168" started-at="2015-02-11T17:15:08Z" finished-at="2015-02-11T17:15:10Z">
          <params>
            <param index="0">
              <value>
                <![CDATA[org.testng.TestRunner@61710c6]]>
              </value>
            </param>
          </params>
          <reporter-output>
          </reporter-output>
        </test-method> <!-- start -->
        <test-method status="PASS" signature="second()[pri:0, instance:Tests.FirstTest@6b71769e]" name="second" duration-ms="2719" started-at="2015-02-11T17:15:10Z" finished-at="2015-02-11T17:15:13Z">
          <reporter-output>
          </reporter-output>
        </test-method> <!-- second -->
        <test-method status="PASS" signature="close()[pri:0, instance:Tests.FirstTest@6b71769e]" name="close" is-config="true" duration-ms="557" started-at="2015-02-11T17:15:13Z" finished-at="2015-02-11T17:15:13Z">
          <reporter-output>
          </reporter-output>
        </test-method> <!-- close -->
        <test-method status="PASS" signature="start(org.testng.ITestContext)[pri:0, instance:Tests.FirstTest@6b71769e]" name="start" is-config="true" duration-ms="2182" started-at="2015-02-11T17:15:13Z" finished-at="2015-02-11T17:15:15Z">
          <params>
            <param index="0">
              <value>
                <![CDATA[org.testng.TestRunner@61710c6]]>
              </value>
            </param>
          </params>
          <reporter-output>
          </reporter-output>
        </test-method> <!-- start -->
        <test-method status="PASS" signature="third()[pri:0, instance:Tests.FirstTest@6b71769e]" name="third" duration-ms="0" started-at="2015-02-11T17:15:15Z" finished-at="2015-02-11T17:15:15Z">
          <reporter-output>
          </reporter-output>
        </test-method> <!-- third -->
        <test-method status="PASS" signature="close()[pri:0, instance:Tests.FirstTest@6b71769e]" name="close" is-config="true" duration-ms="555" started-at="2015-02-11T17:15:15Z" finished-at="2015-02-11T17:15:16Z">
          <reporter-output>
          </reporter-output>
        </test-method> <!-- close -->
      </class> <!-- Tests.FirstTest -->
    </test> <!-- ChromeTest -->
    <test name="FirefoxTest" duration-ms="12071" started-at="2015-02-11T15:15:16Z" finished-at="2015-02-11T15:15:28Z">
      <class name="Tests.FirstTest">
        <test-method status="PASS" signature="start(org.testng.ITestContext)[pri:0, instance:Tests.FirstTest@2812cbfa]" name="start" is-config="true" duration-ms="2890" started-at="2015-02-11T17:15:16Z" finished-at="2015-02-11T17:15:19Z">
          <params>
            <param index="0">
              <value>
                <![CDATA[org.testng.TestRunner@3214ee6]]>
              </value>
            </param>
          </params>
          <reporter-output>
          </reporter-output>
        </test-method> <!-- start -->
        <test-method status="PASS" signature="first()[pri:0, instance:Tests.FirstTest@2812cbfa]" name="first" duration-ms="217" started-at="2015-02-11T17:15:19Z" finished-at="2015-02-11T17:15:19Z">
          <reporter-output>
          </reporter-output>
        </test-method> <!-- first -->
        <test-method status="PASS" signature="close()[pri:0, instance:Tests.FirstTest@2812cbfa]" name="close" is-config="true" duration-ms="63" started-at="2015-02-11T17:15:19Z" finished-at="2015-02-11T17:15:19Z">
          <reporter-output>
          </reporter-output>
        </test-method> <!-- close -->
        <test-method status="PASS" signature="start(org.testng.ITestContext)[pri:0, instance:Tests.FirstTest@2812cbfa]" name="start" is-config="true" duration-ms="2701" started-at="2015-02-11T17:15:19Z" finished-at="2015-02-11T17:15:22Z">
          <params>
            <param index="0">
              <value>
                <![CDATA[org.testng.TestRunner@3214ee6]]>
              </value>
            </param>
          </params>
          <reporter-output>
          </reporter-output>
        </test-method> <!-- start -->
        <test-method status="PASS" signature="second()[pri:0, instance:Tests.FirstTest@2812cbfa]" name="second" duration-ms="3194" started-at="2015-02-11T17:15:22Z" finished-at="2015-02-11T17:15:25Z">
          <reporter-output>
          </reporter-output>
        </test-method> <!-- second -->
        <test-method status="PASS" signature="close()[pri:0, instance:Tests.FirstTest@2812cbfa]" name="close" is-config="true" duration-ms="70" started-at="2015-02-11T17:15:25Z" finished-at="2015-02-11T17:15:25Z">
          <reporter-output>
          </reporter-output>
        </test-method> <!-- close -->
        <test-method status="PASS" signature="start(org.testng.ITestContext)[pri:0, instance:Tests.FirstTest@2812cbfa]" name="start" is-config="true" duration-ms="2862" started-at="2015-02-11T17:15:25Z" finished-at="2015-02-11T17:15:28Z">
          <params>
            <param index="0">
              <value>
                <![CDATA[org.testng.TestRunner@3214ee6]]>
              </value>
            </param>
          </params>
          <reporter-output>
          </reporter-output>
        </test-method> <!-- start -->
        <test-method status="PASS" signature="third()[pri:0, instance:Tests.FirstTest@2812cbfa]" name="third" duration-ms="0" started-at="2015-02-11T17:15:28Z" finished-at="2015-02-11T17:15:28Z">
          <reporter-output>
          </reporter-output>
        </test-method> <!-- third -->
        <test-method status="PASS" signature="close()[pri:0, instance:Tests.FirstTest@2812cbfa]" name="close" is-config="true" duration-ms="70" started-at="2015-02-11T17:15:28Z" finished-at="2015-02-11T17:15:28Z">
          <reporter-output>
          </reporter-output>
        </test-method> <!-- close -->
      </class> <!-- Tests.FirstTest -->
    </test> <!-- FirefoxTest -->
  </suite> <!-- Simple test -->
</testng-results>
